[2025-07-04T15:19:38.889+0000] {manager.py:469} INFO - Processing files using up to 2 processes at a time 
[2025-07-04T15:19:38.890+0000] {manager.py:470} INFO - Process each file at most once every 30 seconds
[2025-07-04T15:19:38.890+0000] {manager.py:471} INFO - Checking for new files in /opt/airflow/dags every 300 seconds
[2025-07-04T15:19:38.891+0000] {manager.py:738} INFO - Searching for files in /opt/airflow/dags
[2025-07-04T15:19:38.893+0000] {manager.py:741} INFO - There are 0 files in /opt/airflow/dags
[2025-07-04T15:24:39.686+0000] {manager.py:738} INFO - Searching for files in /opt/airflow/dags
[2025-07-04T15:24:39.708+0000] {manager.py:741} INFO - There are 0 files in /opt/airflow/dags
[2025-07-04T15:29:40.499+0000] {manager.py:738} INFO - Searching for files in /opt/airflow/dags
[2025-07-04T15:29:40.507+0000] {manager.py:741} INFO - There are 0 files in /opt/airflow/dags
[2025-07-04T15:34:41.120+0000] {manager.py:738} INFO - Searching for files in /opt/airflow/dags
[2025-07-04T15:34:41.136+0000] {manager.py:741} INFO - There are 0 files in /opt/airflow/dags
[2025-07-04T15:39:41.945+0000] {manager.py:738} INFO - Searching for files in /opt/airflow/dags
[2025-07-04T15:39:41.968+0000] {manager.py:741} INFO - There are 0 files in /opt/airflow/dags
[2025-07-04T15:44:42.732+0000] {manager.py:738} INFO - Searching for files in /opt/airflow/dags
[2025-07-04T15:44:42.739+0000] {manager.py:741} INFO - There are 0 files in /opt/airflow/dags
[2025-07-04T15:49:43.371+0000] {manager.py:738} INFO - Searching for files in /opt/airflow/dags
[2025-07-04T15:49:43.386+0000] {manager.py:741} INFO - There are 0 files in /opt/airflow/dags
[2025-07-04T15:54:44.217+0000] {manager.py:738} INFO - Searching for files in /opt/airflow/dags
[2025-07-04T15:54:44.239+0000] {manager.py:741} INFO - There are 0 files in /opt/airflow/dags
[2025-07-04T15:59:45.040+0000] {manager.py:738} INFO - Searching for files in /opt/airflow/dags
[2025-07-04T15:59:45.066+0000] {manager.py:741} INFO - There are 0 files in /opt/airflow/dags
[2025-07-04T16:04:45.820+0000] {manager.py:738} INFO - Searching for files in /opt/airflow/dags
[2025-07-04T16:04:45.826+0000] {manager.py:741} INFO - There are 0 files in /opt/airflow/dags
[2025-07-04T16:09:46.489+0000] {manager.py:738} INFO - Searching for files in /opt/airflow/dags
[2025-07-04T16:09:46.500+0000] {manager.py:741} INFO - There are 0 files in /opt/airflow/dags
[2025-07-04T16:14:47.100+0000] {manager.py:738} INFO - Searching for files in /opt/airflow/dags
[2025-07-04T16:14:47.138+0000] {manager.py:741} INFO - There are 0 files in /opt/airflow/dags
[2025-07-04T16:19:47.644+0000] {manager.py:738} INFO - Searching for files in /opt/airflow/dags
[2025-07-04T16:19:47.656+0000] {manager.py:741} INFO - There are 0 files in /opt/airflow/dags
[2025-07-04T16:24:48.375+0000] {manager.py:738} INFO - Searching for files in /opt/airflow/dags
[2025-07-04T16:24:48.399+0000] {manager.py:741} INFO - There are 0 files in /opt/airflow/dags
[2025-07-04T16:29:49.054+0000] {manager.py:738} INFO - Searching for files in /opt/airflow/dags
[2025-07-04T16:29:49.069+0000] {manager.py:741} INFO - There are 0 files in /opt/airflow/dags
[2025-07-04T16:34:49.706+0000] {manager.py:738} INFO - Searching for files in /opt/airflow/dags
[2025-07-04T16:34:49.733+0000] {manager.py:741} INFO - There are 0 files in /opt/airflow/dags
[2025-07-04T16:39:50.517+0000] {manager.py:738} INFO - Searching for files in /opt/airflow/dags
[2025-07-04T16:39:50.543+0000] {manager.py:741} INFO - There are 0 files in /opt/airflow/dags
[2025-07-04T18:06:10.607+0000] {manager.py:738} INFO - Searching for files in /opt/airflow/dags
[2025-07-04T18:06:10.614+0000] {manager.py:741} INFO - There are 0 files in /opt/airflow/dags
[2025-07-04T18:11:11.272+0000] {manager.py:738} INFO - Searching for files in /opt/airflow/dags
[2025-07-04T18:11:11.283+0000] {manager.py:741} INFO - There are 0 files in /opt/airflow/dags
[2025-07-04T18:16:11.889+0000] {manager.py:738} INFO - Searching for files in /opt/airflow/dags
[2025-07-04T18:16:11.938+0000] {manager.py:741} INFO - There are 1 files in /opt/airflow/dags
[2025-07-04T18:16:13.076+0000] {manager.py:879} INFO - 
================================================================================
DAG File Processing Stats

File Path                            PID    Runtime      # DAGs    # Errors  Last Runtime    Last Run
-----------------------------------  -----  ---------  --------  ----------  --------------  -------------------
/opt/airflow/dags/pipeline_prime.py                           0           1  0.17s           2025-07-04T18:16:12
================================================================================
[2025-07-04T18:16:43.308+0000] {manager.py:879} INFO - 
================================================================================
DAG File Processing Stats

File Path                            PID    Runtime      # DAGs    # Errors  Last Runtime    Last Run
-----------------------------------  -----  ---------  --------  ----------  --------------  -------------------
/opt/airflow/dags/pipeline_prime.py                           0           1  0.08s           2025-07-04T18:16:42
================================================================================
[2025-07-04T18:17:13.600+0000] {manager.py:879} INFO - 
================================================================================
DAG File Processing Stats

File Path                            PID    Runtime      # DAGs    # Errors  Last Runtime    Last Run
-----------------------------------  -----  ---------  --------  ----------  --------------  -------------------
/opt/airflow/dags/pipeline_prime.py                           0           1  0.08s           2025-07-04T18:17:12
================================================================================
[2025-07-04T18:17:42.280+0000] {manager.py:451} INFO - Exiting gracefully upon receiving signal 15
[2025-07-04T18:17:51.882+0000] {manager.py:469} INFO - Processing files using up to 2 processes at a time 
[2025-07-04T18:17:51.884+0000] {manager.py:470} INFO - Process each file at most once every 30 seconds
[2025-07-04T18:17:51.884+0000] {manager.py:471} INFO - Checking for new files in /opt/airflow/dags every 300 seconds
[2025-07-04T18:17:51.885+0000] {manager.py:738} INFO - Searching for files in /opt/airflow/dags
[2025-07-04T18:17:51.900+0000] {manager.py:741} INFO - There are 1 files in /opt/airflow/dags
[2025-07-04T18:17:52.051+0000] {manager.py:879} INFO - 
================================================================================
DAG File Processing Stats

File Path                              PID  Runtime      # DAGs    # Errors  Last Runtime    Last Run
-----------------------------------  -----  ---------  --------  ----------  --------------  ----------
/opt/airflow/dags/pipeline_prime.py    164  0.07s             0           0
================================================================================
[2025-07-04T18:18:22.300+0000] {manager.py:879} INFO - 
================================================================================
DAG File Processing Stats

File Path                              PID  Runtime      # DAGs    # Errors  Last Runtime    Last Run
-----------------------------------  -----  ---------  --------  ----------  --------------  -------------------
/opt/airflow/dags/pipeline_prime.py    169  0.01s             0           1  0.12s           2025-07-04T18:17:52
================================================================================
[2025-07-04T18:18:52.596+0000] {manager.py:879} INFO - 
================================================================================
DAG File Processing Stats

File Path                              PID  Runtime      # DAGs    # Errors  Last Runtime    Last Run
-----------------------------------  -----  ---------  --------  ----------  --------------  -------------------
/opt/airflow/dags/pipeline_prime.py    174  0.00s             0           1  0.10s           2025-07-04T18:18:22
================================================================================
[2025-07-04T18:19:22.892+0000] {manager.py:879} INFO - 
================================================================================
DAG File Processing Stats

File Path                              PID  Runtime      # DAGs    # Errors  Last Runtime    Last Run
-----------------------------------  -----  ---------  --------  ----------  --------------  -------------------
/opt/airflow/dags/pipeline_prime.py    179  0.01s             0           1  0.08s           2025-07-04T18:18:52
================================================================================
[2025-07-04T18:19:53.128+0000] {manager.py:879} INFO - 
================================================================================
DAG File Processing Stats

File Path                              PID  Runtime      # DAGs    # Errors  Last Runtime    Last Run
-----------------------------------  -----  ---------  --------  ----------  --------------  -------------------
/opt/airflow/dags/pipeline_prime.py    184  0.00s             0           1  0.08s           2025-07-04T18:19:22
================================================================================
[2025-07-04T18:20:23.365+0000] {manager.py:879} INFO - 
================================================================================
DAG File Processing Stats

File Path                              PID  Runtime      # DAGs    # Errors  Last Runtime    Last Run
-----------------------------------  -----  ---------  --------  ----------  --------------  -------------------
/opt/airflow/dags/pipeline_prime.py    189  0.00s             0           1  0.07s           2025-07-04T18:19:53
================================================================================
[2025-07-04T18:20:45.608+0000] {manager.py:469} INFO - Processing files using up to 2 processes at a time 
[2025-07-04T18:20:45.609+0000] {manager.py:470} INFO - Process each file at most once every 30 seconds
[2025-07-04T18:20:45.609+0000] {manager.py:471} INFO - Checking for new files in /opt/airflow/dags every 300 seconds
[2025-07-04T18:20:45.610+0000] {manager.py:738} INFO - Searching for files in /opt/airflow/dags
[2025-07-04T18:20:45.619+0000] {manager.py:741} INFO - There are 1 files in /opt/airflow/dags
[2025-07-04T18:20:45.691+0000] {manager.py:879} INFO - 
================================================================================
DAG File Processing Stats

File Path                              PID  Runtime      # DAGs    # Errors  Last Runtime    Last Run
-----------------------------------  -----  ---------  --------  ----------  --------------  ----------
/opt/airflow/dags/pipeline_prime.py    164  0.03s             0           0
================================================================================
[2025-07-04T18:21:15.896+0000] {manager.py:879} INFO - 
================================================================================
DAG File Processing Stats

File Path                              PID  Runtime      # DAGs    # Errors  Last Runtime    Last Run
-----------------------------------  -----  ---------  --------  ----------  --------------  -------------------
/opt/airflow/dags/pipeline_prime.py    169  0.00s             0           1  0.07s           2025-07-04T18:20:45
================================================================================
[2025-07-04T18:21:46.146+0000] {manager.py:879} INFO - 
================================================================================
DAG File Processing Stats

File Path                              PID  Runtime      # DAGs    # Errors  Last Runtime    Last Run
-----------------------------------  -----  ---------  --------  ----------  --------------  -------------------
/opt/airflow/dags/pipeline_prime.py    174  0.00s             0           1  0.08s           2025-07-04T18:21:15
================================================================================
[2025-07-04T18:22:16.419+0000] {manager.py:879} INFO - 
================================================================================
DAG File Processing Stats

File Path                              PID  Runtime      # DAGs    # Errors  Last Runtime    Last Run
-----------------------------------  -----  ---------  --------  ----------  --------------  -------------------
/opt/airflow/dags/pipeline_prime.py    179  0.00s             0           1  0.07s           2025-07-04T18:21:46
================================================================================
[2025-07-04T18:22:44.425+0000] {manager.py:451} INFO - Exiting gracefully upon receiving signal 15
[2025-07-04T18:22:52.207+0000] {manager.py:469} INFO - Processing files using up to 2 processes at a time 
[2025-07-04T18:22:52.208+0000] {manager.py:470} INFO - Process each file at most once every 30 seconds
[2025-07-04T18:22:52.208+0000] {manager.py:471} INFO - Checking for new files in /opt/airflow/dags every 300 seconds
[2025-07-04T18:22:52.209+0000] {manager.py:738} INFO - Searching for files in /opt/airflow/dags
[2025-07-04T18:22:52.221+0000] {manager.py:741} INFO - There are 1 files in /opt/airflow/dags
[2025-07-04T18:22:52.301+0000] {manager.py:879} INFO - 
================================================================================
DAG File Processing Stats

File Path                              PID  Runtime      # DAGs    # Errors  Last Runtime    Last Run
-----------------------------------  -----  ---------  --------  ----------  --------------  ----------
/opt/airflow/dags/pipeline_prime.py    164  0.03s             0           0
================================================================================
[2025-07-04T18:23:22.572+0000] {manager.py:879} INFO - 
================================================================================
DAG File Processing Stats

File Path                              PID  Runtime      # DAGs    # Errors  Last Runtime    Last Run
-----------------------------------  -----  ---------  --------  ----------  --------------  -------------------
/opt/airflow/dags/pipeline_prime.py    169  0.02s             0           1  0.07s           2025-07-04T18:22:52
================================================================================
[2025-07-04T18:23:52.840+0000] {manager.py:879} INFO - 
================================================================================
DAG File Processing Stats

File Path                              PID  Runtime      # DAGs    # Errors  Last Runtime    Last Run
-----------------------------------  -----  ---------  --------  ----------  --------------  -------------------
/opt/airflow/dags/pipeline_prime.py    174  0.00s             0           1  0.10s           2025-07-04T18:23:22
================================================================================
[2025-07-04T18:24:08.065+0000] {manager.py:451} INFO - Exiting gracefully upon receiving signal 15
[2025-07-04T18:24:15.984+0000] {manager.py:469} INFO - Processing files using up to 2 processes at a time 
[2025-07-04T18:24:15.985+0000] {manager.py:470} INFO - Process each file at most once every 30 seconds
[2025-07-04T18:24:15.985+0000] {manager.py:471} INFO - Checking for new files in /opt/airflow/dags every 300 seconds
[2025-07-04T18:24:15.985+0000] {manager.py:738} INFO - Searching for files in /opt/airflow/dags
[2025-07-04T18:24:15.996+0000] {manager.py:741} INFO - There are 1 files in /opt/airflow/dags
[2025-07-04T18:24:16.063+0000] {manager.py:879} INFO - 
================================================================================
DAG File Processing Stats

File Path                              PID  Runtime      # DAGs    # Errors  Last Runtime    Last Run
-----------------------------------  -----  ---------  --------  ----------  --------------  ----------
/opt/airflow/dags/pipeline_prime.py    164  0.03s             0           0
================================================================================
[2025-07-04T18:24:46.326+0000] {manager.py:879} INFO - 
================================================================================
DAG File Processing Stats

File Path                              PID  Runtime      # DAGs    # Errors  Last Runtime    Last Run
-----------------------------------  -----  ---------  --------  ----------  --------------  -------------------
/opt/airflow/dags/pipeline_prime.py    169  0.00s             0           1  0.07s           2025-07-04T18:24:16
================================================================================
[2025-07-04T18:25:16.576+0000] {manager.py:879} INFO - 
================================================================================
DAG File Processing Stats

File Path                              PID  Runtime      # DAGs    # Errors  Last Runtime    Last Run
-----------------------------------  -----  ---------  --------  ----------  --------------  -------------------
/opt/airflow/dags/pipeline_prime.py    174  0.00s             0           1  0.08s           2025-07-04T18:24:46
================================================================================
[2025-07-04T18:25:46.860+0000] {manager.py:879} INFO - 
================================================================================
DAG File Processing Stats

File Path                            PID    Runtime      # DAGs    # Errors  Last Runtime    Last Run
-----------------------------------  -----  ---------  --------  ----------  --------------  -------------------
/opt/airflow/dags/pipeline_prime.py                           0           1  0.08s           2025-07-04T18:25:43
================================================================================
[2025-07-04T18:26:17.097+0000] {manager.py:879} INFO - 
================================================================================
DAG File Processing Stats

File Path                            PID    Runtime      # DAGs    # Errors  Last Runtime    Last Run
-----------------------------------  -----  ---------  --------  ----------  --------------  -------------------
/opt/airflow/dags/pipeline_prime.py                           0           1  0.07s           2025-07-04T18:26:14
================================================================================
[2025-07-04T18:26:38.440+0000] {manager.py:451} INFO - Exiting gracefully upon receiving signal 15
[2025-07-04T18:26:46.938+0000] {manager.py:469} INFO - Processing files using up to 2 processes at a time 
[2025-07-04T18:26:46.939+0000] {manager.py:470} INFO - Process each file at most once every 30 seconds
[2025-07-04T18:26:46.939+0000] {manager.py:471} INFO - Checking for new files in /opt/airflow/dags every 300 seconds
[2025-07-04T18:26:46.940+0000] {manager.py:738} INFO - Searching for files in /opt/airflow/dags
[2025-07-04T18:26:46.949+0000] {manager.py:741} INFO - There are 1 files in /opt/airflow/dags
[2025-07-04T18:26:47.018+0000] {manager.py:879} INFO - 
================================================================================
DAG File Processing Stats

File Path                              PID  Runtime      # DAGs    # Errors  Last Runtime    Last Run
-----------------------------------  -----  ---------  --------  ----------  --------------  ----------
/opt/airflow/dags/pipeline_prime.py    165  0.03s             0           0
================================================================================
[2025-07-04T18:27:17.302+0000] {manager.py:879} INFO - 
================================================================================
DAG File Processing Stats

File Path                              PID  Runtime      # DAGs    # Errors  Last Runtime    Last Run
-----------------------------------  -----  ---------  --------  ----------  --------------  -------------------
/opt/airflow/dags/pipeline_prime.py    170  0.00s             0           1  0.07s           2025-07-04T18:26:47
================================================================================
[2025-07-04T18:27:47.554+0000] {manager.py:879} INFO - 
================================================================================
DAG File Processing Stats

File Path                              PID  Runtime      # DAGs    # Errors  Last Runtime    Last Run
-----------------------------------  -----  ---------  --------  ----------  --------------  -------------------
/opt/airflow/dags/pipeline_prime.py    175  0.00s             0           1  0.08s           2025-07-04T18:27:17
================================================================================
[2025-07-04T18:28:17.917+0000] {manager.py:879} INFO - 
================================================================================
DAG File Processing Stats

File Path                              PID  Runtime      # DAGs    # Errors  Last Runtime    Last Run
-----------------------------------  -----  ---------  --------  ----------  --------------  -------------------
/opt/airflow/dags/pipeline_prime.py    180  0.00s             0           1  0.08s           2025-07-04T18:27:47
================================================================================
[2025-07-04T18:28:48.182+0000] {manager.py:879} INFO - 
================================================================================
DAG File Processing Stats

File Path                              PID  Runtime      # DAGs    # Errors  Last Runtime    Last Run
-----------------------------------  -----  ---------  --------  ----------  --------------  -------------------
/opt/airflow/dags/pipeline_prime.py    185  0.00s             0           1  0.08s           2025-07-04T18:28:17
================================================================================
[2025-07-04T18:29:18.471+0000] {manager.py:879} INFO - 
================================================================================
DAG File Processing Stats

File Path                              PID  Runtime      # DAGs    # Errors  Last Runtime    Last Run
-----------------------------------  -----  ---------  --------  ----------  --------------  -------------------
/opt/airflow/dags/pipeline_prime.py    190  0.00s             0           1  0.07s           2025-07-04T18:28:48
================================================================================
[2025-07-04T18:29:35.966+0000] {manager.py:451} INFO - Exiting gracefully upon receiving signal 15
[2025-07-04T18:29:54.951+0000] {manager.py:469} INFO - Processing files using up to 2 processes at a time 
[2025-07-04T18:29:54.952+0000] {manager.py:470} INFO - Process each file at most once every 30 seconds
[2025-07-04T18:29:54.953+0000] {manager.py:471} INFO - Checking for new files in /opt/airflow/dags every 300 seconds
[2025-07-04T18:29:54.954+0000] {manager.py:738} INFO - Searching for files in /opt/airflow/dags
[2025-07-04T18:29:54.967+0000] {manager.py:741} INFO - There are 1 files in /opt/airflow/dags
[2025-07-04T18:29:55.130+0000] {manager.py:879} INFO - 
================================================================================
DAG File Processing Stats

File Path                              PID  Runtime      # DAGs    # Errors  Last Runtime    Last Run
-----------------------------------  -----  ---------  --------  ----------  --------------  ----------
/opt/airflow/dags/pipeline_prime.py    164  0.06s             0           0
================================================================================
[2025-07-04T18:30:25.390+0000] {manager.py:879} INFO - 
================================================================================
DAG File Processing Stats

File Path                            PID    Runtime      # DAGs    # Errors  Last Runtime    Last Run
-----------------------------------  -----  ---------  --------  ----------  --------------  -------------------
/opt/airflow/dags/pipeline_prime.py                           0           1  1.48s           2025-07-04T18:29:56
================================================================================
[2025-07-04T18:30:55.992+0000] {manager.py:879} INFO - 
================================================================================
DAG File Processing Stats

File Path                            PID    Runtime      # DAGs    # Errors  Last Runtime    Last Run
-----------------------------------  -----  ---------  --------  ----------  --------------  -------------------
/opt/airflow/dags/pipeline_prime.py                           0           1  0.33s           2025-07-04T18:30:27
================================================================================
[2025-07-04T18:31:26.505+0000] {manager.py:879} INFO - 
================================================================================
DAG File Processing Stats

File Path                            PID    Runtime      # DAGs    # Errors  Last Runtime    Last Run
-----------------------------------  -----  ---------  --------  ----------  --------------  -------------------
/opt/airflow/dags/pipeline_prime.py                           0           1  0.42s           2025-07-04T18:30:57
================================================================================
[2025-07-04T18:31:57.182+0000] {manager.py:879} INFO - 
================================================================================
DAG File Processing Stats

File Path                            PID    Runtime      # DAGs    # Errors  Last Runtime    Last Run
-----------------------------------  -----  ---------  --------  ----------  --------------  -------------------
/opt/airflow/dags/pipeline_prime.py                           0           1  0.31s           2025-07-04T18:31:28
================================================================================
[2025-07-04T18:32:27.738+0000] {manager.py:879} INFO - 
================================================================================
DAG File Processing Stats

File Path                            PID    Runtime      # DAGs    # Errors  Last Runtime    Last Run
-----------------------------------  -----  ---------  --------  ----------  --------------  -------------------
/opt/airflow/dags/pipeline_prime.py                           0           1  0.33s           2025-07-04T18:31:58
================================================================================
[2025-07-04T18:32:58.306+0000] {manager.py:879} INFO - 
================================================================================
DAG File Processing Stats

File Path                            PID    Runtime      # DAGs    # Errors  Last Runtime    Last Run
-----------------------------------  -----  ---------  --------  ----------  --------------  -------------------
/opt/airflow/dags/pipeline_prime.py                           0           1  0.31s           2025-07-04T18:32:29
================================================================================
[2025-07-04T18:33:28.417+0000] {manager.py:879} INFO - 
================================================================================
DAG File Processing Stats

File Path                            PID    Runtime      # DAGs    # Errors  Last Runtime    Last Run
-----------------------------------  -----  ---------  --------  ----------  --------------  -------------------
/opt/airflow/dags/pipeline_prime.py                           0           1  0.63s           2025-07-04T18:33:00
================================================================================
[2025-07-04T18:33:37.787+0000] {manager.py:451} INFO - Exiting gracefully upon receiving signal 15
[2025-07-04T18:33:46.511+0000] {manager.py:469} INFO - Processing files using up to 2 processes at a time 
[2025-07-04T18:33:46.512+0000] {manager.py:470} INFO - Process each file at most once every 30 seconds
[2025-07-04T18:33:46.512+0000] {manager.py:471} INFO - Checking for new files in /opt/airflow/dags every 300 seconds
[2025-07-04T18:33:46.513+0000] {manager.py:738} INFO - Searching for files in /opt/airflow/dags
[2025-07-04T18:33:46.523+0000] {manager.py:741} INFO - There are 1 files in /opt/airflow/dags
[2025-07-04T18:33:46.597+0000] {manager.py:879} INFO - 
================================================================================
DAG File Processing Stats

File Path                              PID  Runtime      # DAGs    # Errors  Last Runtime    Last Run
-----------------------------------  -----  ---------  --------  ----------  --------------  ----------
/opt/airflow/dags/pipeline_prime.py    164  0.03s             0           0
================================================================================
[2025-07-04T18:34:16.803+0000] {manager.py:879} INFO - 
================================================================================
DAG File Processing Stats

File Path                            PID    Runtime      # DAGs    # Errors  Last Runtime    Last Run
-----------------------------------  -----  ---------  --------  ----------  --------------  -------------------
/opt/airflow/dags/pipeline_prime.py                           0           1  0.36s           2025-07-04T18:33:46
================================================================================
[2025-07-04T18:34:47.369+0000] {manager.py:879} INFO - 
================================================================================
DAG File Processing Stats

File Path                            PID    Runtime      # DAGs    # Errors  Last Runtime    Last Run
-----------------------------------  -----  ---------  --------  ----------  --------------  -------------------
/opt/airflow/dags/pipeline_prime.py                           0           1  0.32s           2025-07-04T18:34:17
================================================================================
[2025-07-04T18:35:17.866+0000] {manager.py:879} INFO - 
================================================================================
DAG File Processing Stats

File Path                            PID    Runtime      # DAGs    # Errors  Last Runtime    Last Run
-----------------------------------  -----  ---------  --------  ----------  --------------  -------------------
/opt/airflow/dags/pipeline_prime.py                           0           1  0.33s           2025-07-04T18:34:48
================================================================================
[2025-07-04T18:35:48.544+0000] {manager.py:879} INFO - 
================================================================================
DAG File Processing Stats

File Path                            PID    Runtime      # DAGs    # Errors  Last Runtime    Last Run
-----------------------------------  -----  ---------  --------  ----------  --------------  -------------------
/opt/airflow/dags/pipeline_prime.py                           0           1  0.34s           2025-07-04T18:35:18
================================================================================
[2025-07-04T18:36:19.095+0000] {manager.py:879} INFO - 
================================================================================
DAG File Processing Stats

File Path                            PID    Runtime      # DAGs    # Errors  Last Runtime    Last Run
-----------------------------------  -----  ---------  --------  ----------  --------------  -------------------
/opt/airflow/dags/pipeline_prime.py                           0           1  0.36s           2025-07-04T18:35:49
================================================================================
[2025-07-04T18:36:49.708+0000] {manager.py:879} INFO - 
================================================================================
DAG File Processing Stats

File Path                            PID    Runtime      # DAGs    # Errors  Last Runtime    Last Run
-----------------------------------  -----  ---------  --------  ----------  --------------  -------------------
/opt/airflow/dags/pipeline_prime.py                           0           1  0.34s           2025-07-04T18:36:19
================================================================================
[2025-07-04T18:37:20.283+0000] {manager.py:879} INFO - 
================================================================================
DAG File Processing Stats

File Path                            PID    Runtime      # DAGs    # Errors  Last Runtime    Last Run
-----------------------------------  -----  ---------  --------  ----------  --------------  -------------------
/opt/airflow/dags/pipeline_prime.py                           0           1  0.37s           2025-07-04T18:36:50
================================================================================
[2025-07-04T18:37:25.609+0000] {manager.py:451} INFO - Exiting gracefully upon receiving signal 15
[2025-07-04T18:37:40.032+0000] {manager.py:469} INFO - Processing files using up to 2 processes at a time 
[2025-07-04T18:37:40.033+0000] {manager.py:470} INFO - Process each file at most once every 30 seconds
[2025-07-04T18:37:40.034+0000] {manager.py:471} INFO - Checking for new files in /opt/airflow/dags every 300 seconds
[2025-07-04T18:37:40.035+0000] {manager.py:738} INFO - Searching for files in /opt/airflow/dags
[2025-07-04T18:37:40.047+0000] {manager.py:741} INFO - There are 1 files in /opt/airflow/dags
[2025-07-04T18:37:40.174+0000] {manager.py:879} INFO - 
================================================================================
DAG File Processing Stats

File Path                              PID  Runtime      # DAGs    # Errors  Last Runtime    Last Run
-----------------------------------  -----  ---------  --------  ----------  --------------  ----------
/opt/airflow/dags/pipeline_prime.py    164  0.04s             0           0
================================================================================
[2025-07-04T18:38:10.391+0000] {manager.py:879} INFO - 
================================================================================
DAG File Processing Stats

File Path                            PID    Runtime      # DAGs    # Errors  Last Runtime    Last Run
-----------------------------------  -----  ---------  --------  ----------  --------------  -------------------
/opt/airflow/dags/pipeline_prime.py                           0           1  2.07s           2025-07-04T18:37:42
================================================================================
[2025-07-04T18:38:40.791+0000] {manager.py:879} INFO - 
================================================================================
DAG File Processing Stats

File Path                            PID    Runtime      # DAGs    # Errors  Last Runtime    Last Run
-----------------------------------  -----  ---------  --------  ----------  --------------  -------------------
/opt/airflow/dags/pipeline_prime.py                           0           1  0.47s           2025-07-04T18:38:12
================================================================================
[2025-07-04T18:39:11.354+0000] {manager.py:879} INFO - 
================================================================================
DAG File Processing Stats

File Path                            PID    Runtime      # DAGs    # Errors  Last Runtime    Last Run
-----------------------------------  -----  ---------  --------  ----------  --------------  -------------------
/opt/airflow/dags/pipeline_prime.py                           0           1  0.37s           2025-07-04T18:38:43
================================================================================
[2025-07-04T18:39:14.869+0000] {manager.py:451} INFO - Exiting gracefully upon receiving signal 15
